-------------------------------------------------------------------------------
Test set: TestSuite
-------------------------------------------------------------------------------
Tests run: 4, Failures: 1, Errors: 0, Skipped: 0, Time elapsed: 30.042 s <<< FAILURE! - in TestSuite
verifyLoginPageTitleTest(com.qa.hubspot.tests.LoginTests)  Time elapsed: 5.915 s  <<< FAILURE!
java.lang.AssertionError: expected [HubSpot Login123] but found [HubSpot Login]
	at com.qa.hubspot.tests.LoginTests.verifyLoginPageTitleTest(LoginTests.java:32)

